{"C:\\Users\\carlo\\OneDrive\\Desktop\\UW\\course3\\class3\\inClass\\advanced-mongo\\server.js": {"path":"C:\\Users\\carlo\\OneDrive\\Desktop\\UW\\course3\\class3\\inClass\\advanced-mongo\\server.js","statementMap":{"0":{"start":{"line":1,"column":16},"end":{"line":1,"column":34}},"1":{"start":{"line":2,"column":15},"end":{"line":2,"column":34}},"2":{"start":{"line":3,"column":15},"end":{"line":3,"column":24}},"3":{"start":{"line":7,"column":0},"end":{"line":7,"column":27}},"4":{"start":{"line":9,"column":0},"end":{"line":9,"column":19}},"5":{"start":{"line":11,"column":0},"end":{"line":11,"column":24}}},"fnMap":{},"branchMap":{},"s":{"0":2,"1":2,"2":2,"3":2,"4":2,"5":2},"f":{},"b":{},"_coverageSchema":"1a1c01bbd47fc00a2c39e90264f33305004495a9","hash":"2ac18f5b41941315bb76f4cf5f42791253263d59"}
,"C:\\Users\\carlo\\OneDrive\\Desktop\\UW\\course3\\class3\\inClass\\advanced-mongo\\dataInterface\\movies.js": {"path":"C:\\Users\\carlo\\OneDrive\\Desktop\\UW\\course3\\class3\\inClass\\advanced-mongo\\dataInterface\\movies.js","statementMap":{"0":{"start":{"line":1,"column":24},"end":{"line":1,"column":42}},"1":{"start":{"line":2,"column":17},"end":{"line":2,"column":44}},"2":{"start":{"line":5,"column":2},"end":{"line":5,"column":89}},"3":{"start":{"line":7,"column":15},"end":{"line":7,"column":35}},"4":{"start":{"line":9,"column":21},"end":{"line":9,"column":35}},"5":{"start":{"line":10,"column":17},"end":{"line":10,"column":25}},"6":{"start":{"line":11,"column":21},"end":{"line":11,"column":31}},"7":{"start":{"line":13,"column":0},"end":{"line":13,"column":19}},"8":{"start":{"line":16,"column":0},"end":{"line":24,"column":1}},"9":{"start":{"line":17,"column":19},"end":{"line":17,"column":42}},"10":{"start":{"line":18,"column":17},"end":{"line":18,"column":46}},"11":{"start":{"line":20,"column":16},"end":{"line":20,"column":18}},"12":{"start":{"line":21,"column":20},"end":{"line":21,"column":94}},"13":{"start":{"line":23,"column":2},"end":{"line":23,"column":31}},"14":{"start":{"line":25,"column":0},"end":{"line":41,"column":1}},"15":{"start":{"line":26,"column":19},"end":{"line":26,"column":42}},"16":{"start":{"line":27,"column":19},"end":{"line":27,"column":52}},"17":{"start":{"line":32,"column":17},"end":{"line":32,"column":55}},"18":{"start":{"line":33,"column":16},"end":{"line":33,"column":58}},"19":{"start":{"line":35,"column":22},"end":{"line":35,"column":48}},"20":{"start":{"line":36,"column":2},"end":{"line":40,"column":3}},"21":{"start":{"line":37,"column":4},"end":{"line":37,"column":35}},"22":{"start":{"line":39,"column":4},"end":{"line":39,"column":46}},"23":{"start":{"line":43,"column":0},"end":{"line":50,"column":1}},"24":{"start":{"line":44,"column":19},"end":{"line":44,"column":42}},"25":{"start":{"line":45,"column":17},"end":{"line":45,"column":46}},"26":{"start":{"line":46,"column":16},"end":{"line":46,"column":40}},"27":{"start":{"line":47,"column":14},"end":{"line":47,"column":41}},"28":{"start":{"line":49,"column":2},"end":{"line":49,"column":15}},"29":{"start":{"line":52,"column":0},"end":{"line":59,"column":1}},"30":{"start":{"line":53,"column":19},"end":{"line":53,"column":42}},"31":{"start":{"line":54,"column":17},"end":{"line":54,"column":46}},"32":{"start":{"line":55,"column":16},"end":{"line":55,"column":30}},"33":{"start":{"line":56,"column":14},"end":{"line":56,"column":41}},"34":{"start":{"line":58,"column":2},"end":{"line":58,"column":15}},"35":{"start":{"line":61,"column":0},"end":{"line":74,"column":1}},"36":{"start":{"line":64,"column":2},"end":{"line":68,"column":3}},"37":{"start":{"line":65,"column":4},"end":{"line":65,"column":47}},"38":{"start":{"line":67,"column":4},"end":{"line":67,"column":50}},"39":{"start":{"line":69,"column":2},"end":{"line":73,"column":3}},"40":{"start":{"line":70,"column":4},"end":{"line":70,"column":17}},"41":{"start":{"line":72,"column":4},"end":{"line":72,"column":66}},"42":{"start":{"line":77,"column":0},"end":{"line":92,"column":1}},"43":{"start":{"line":78,"column":19},"end":{"line":78,"column":42}},"44":{"start":{"line":79,"column":17},"end":{"line":79,"column":46}},"45":{"start":{"line":81,"column":2},"end":{"line":84,"column":3}},"46":{"start":{"line":83,"column":4},"end":{"line":83,"column":47}},"47":{"start":{"line":85,"column":17},"end":{"line":85,"column":47}},"48":{"start":{"line":87,"column":2},"end":{"line":91,"column":3}},"49":{"start":{"line":88,"column":4},"end":{"line":88,"column":96}},"50":{"start":{"line":90,"column":4},"end":{"line":90,"column":61}},"51":{"start":{"line":93,"column":0},"end":{"line":107,"column":1}},"52":{"start":{"line":95,"column":19},"end":{"line":95,"column":42}},"53":{"start":{"line":96,"column":19},"end":{"line":96,"column":52}},"54":{"start":{"line":98,"column":18},"end":{"line":98,"column":76}},"55":{"start":{"line":100,"column":17},"end":{"line":100,"column":50}},"56":{"start":{"line":102,"column":2},"end":{"line":106,"column":3}},"57":{"start":{"line":103,"column":4},"end":{"line":103,"column":99}},"58":{"start":{"line":105,"column":4},"end":{"line":105,"column":61}},"59":{"start":{"line":110,"column":0},"end":{"line":127,"column":1}},"60":{"start":{"line":111,"column":19},"end":{"line":111,"column":42}},"61":{"start":{"line":112,"column":17},"end":{"line":112,"column":46}},"62":{"start":{"line":115,"column":22},"end":{"line":117,"column":3}},"63":{"start":{"line":118,"column":17},"end":{"line":118,"column":43}},"64":{"start":{"line":119,"column":17},"end":{"line":119,"column":60}},"65":{"start":{"line":121,"column":2},"end":{"line":123,"column":3}},"66":{"start":{"line":122,"column":4},"end":{"line":122,"column":110}},"67":{"start":{"line":125,"column":23},"end":{"line":125,"column":54}},"68":{"start":{"line":126,"column":2},"end":{"line":126,"column":22}},"69":{"start":{"line":129,"column":0},"end":{"line":149,"column":1}},"70":{"start":{"line":130,"column":19},"end":{"line":130,"column":42}},"71":{"start":{"line":131,"column":19},"end":{"line":131,"column":52}},"72":{"start":{"line":132,"column":16},"end":{"line":132,"column":46}},"73":{"start":{"line":134,"column":22},"end":{"line":134,"column":48}},"74":{"start":{"line":135,"column":21},"end":{"line":135,"column":44}},"75":{"start":{"line":136,"column":2},"end":{"line":147,"column":3}},"76":{"start":{"line":137,"column":4},"end":{"line":143,"column":5}},"77":{"start":{"line":137,"column":15},"end":{"line":137,"column":16}},"78":{"start":{"line":138,"column":6},"end":{"line":142,"column":7}},"79":{"start":{"line":139,"column":8},"end":{"line":139,"column":16}},"80":{"start":{"line":141,"column":8},"end":{"line":141,"column":48}},"81":{"start":{"line":144,"column":4},"end":{"line":144,"column":24}},"82":{"start":{"line":146,"column":4},"end":{"line":146,"column":46}},"83":{"start":{"line":152,"column":0},"end":{"line":164,"column":1}},"84":{"start":{"line":153,"column":19},"end":{"line":153,"column":42}},"85":{"start":{"line":154,"column":17},"end":{"line":154,"column":46}},"86":{"start":{"line":156,"column":24},"end":{"line":156,"column":47}},"87":{"start":{"line":157,"column":17},"end":{"line":157,"column":54}},"88":{"start":{"line":159,"column":2},"end":{"line":161,"column":3}},"89":{"start":{"line":160,"column":4},"end":{"line":160,"column":105}},"90":{"start":{"line":163,"column":2},"end":{"line":163,"column":60}},"91":{"start":{"line":166,"column":0},"end":{"line":182,"column":1}},"92":{"start":{"line":167,"column":19},"end":{"line":167,"column":42}},"93":{"start":{"line":168,"column":19},"end":{"line":168,"column":52}},"94":{"start":{"line":171,"column":2},"end":{"line":173,"column":3}},"95":{"start":{"line":172,"column":4},"end":{"line":172,"column":84}},"96":{"start":{"line":174,"column":24},"end":{"line":174,"column":49}},"97":{"start":{"line":175,"column":17},"end":{"line":175,"column":56}},"98":{"start":{"line":177,"column":2},"end":{"line":179,"column":3}},"99":{"start":{"line":178,"column":4},"end":{"line":178,"column":107}},"100":{"start":{"line":181,"column":2},"end":{"line":181,"column":62}}},"fnMap":{"0":{"name":"(anonymous_0)","decl":{"start":{"line":16,"column":24},"end":{"line":16,"column":25}},"loc":{"start":{"line":16,"column":36},"end":{"line":24,"column":1}},"line":16},"1":{"name":"(anonymous_1)","decl":{"start":{"line":25,"column":32},"end":{"line":25,"column":33}},"loc":{"start":{"line":25,"column":49},"end":{"line":41,"column":1}},"line":25},"2":{"name":"(anonymous_2)","decl":{"start":{"line":43,"column":25},"end":{"line":43,"column":26}},"loc":{"start":{"line":43,"column":44},"end":{"line":50,"column":1}},"line":43},"3":{"name":"(anonymous_3)","decl":{"start":{"line":52,"column":28},"end":{"line":52,"column":29}},"loc":{"start":{"line":52,"column":45},"end":{"line":59,"column":1}},"line":52},"4":{"name":"(anonymous_4)","decl":{"start":{"line":61,"column":32},"end":{"line":61,"column":33}},"loc":{"start":{"line":61,"column":54},"end":{"line":74,"column":1}},"line":61},"5":{"name":"(anonymous_5)","decl":{"start":{"line":77,"column":24},"end":{"line":77,"column":25}},"loc":{"start":{"line":77,"column":42},"end":{"line":92,"column":1}},"line":77},"6":{"name":"(anonymous_6)","decl":{"start":{"line":93,"column":31},"end":{"line":93,"column":32}},"loc":{"start":{"line":93,"column":56},"end":{"line":107,"column":1}},"line":93},"7":{"name":"(anonymous_7)","decl":{"start":{"line":110,"column":28},"end":{"line":110,"column":29}},"loc":{"start":{"line":110,"column":55},"end":{"line":127,"column":1}},"line":110},"8":{"name":"(anonymous_8)","decl":{"start":{"line":129,"column":35},"end":{"line":129,"column":36}},"loc":{"start":{"line":129,"column":70},"end":{"line":149,"column":1}},"line":129},"9":{"name":"(anonymous_9)","decl":{"start":{"line":152,"column":28},"end":{"line":152,"column":29}},"loc":{"start":{"line":152,"column":47},"end":{"line":164,"column":1}},"line":152},"10":{"name":"(anonymous_10)","decl":{"start":{"line":166,"column":35},"end":{"line":166,"column":36}},"loc":{"start":{"line":166,"column":56},"end":{"line":182,"column":1}},"line":166}},"branchMap":{"0":{"loc":{"start":{"line":36,"column":2},"end":{"line":40,"column":3}},"type":"if","locations":[{"start":{"line":36,"column":2},"end":{"line":40,"column":3}},{"start":{"line":38,"column":7},"end":{"line":40,"column":3}}],"line":36},"1":{"loc":{"start":{"line":64,"column":2},"end":{"line":68,"column":3}},"type":"if","locations":[{"start":{"line":64,"column":2},"end":{"line":68,"column":3}},{"start":{"line":66,"column":9},"end":{"line":68,"column":3}}],"line":64},"2":{"loc":{"start":{"line":69,"column":2},"end":{"line":73,"column":3}},"type":"if","locations":[{"start":{"line":69,"column":2},"end":{"line":73,"column":3}},{"start":{"line":71,"column":9},"end":{"line":73,"column":3}}],"line":69},"3":{"loc":{"start":{"line":81,"column":2},"end":{"line":84,"column":3}},"type":"if","locations":[{"start":{"line":81,"column":2},"end":{"line":84,"column":3}},{"start":{},"end":{}}],"line":81},"4":{"loc":{"start":{"line":87,"column":2},"end":{"line":91,"column":3}},"type":"if","locations":[{"start":{"line":87,"column":2},"end":{"line":91,"column":3}},{"start":{"line":89,"column":9},"end":{"line":91,"column":3}}],"line":87},"5":{"loc":{"start":{"line":102,"column":2},"end":{"line":106,"column":3}},"type":"if","locations":[{"start":{"line":102,"column":2},"end":{"line":106,"column":3}},{"start":{"line":104,"column":9},"end":{"line":106,"column":3}}],"line":102},"6":{"loc":{"start":{"line":121,"column":2},"end":{"line":123,"column":3}},"type":"if","locations":[{"start":{"line":121,"column":2},"end":{"line":123,"column":3}},{"start":{},"end":{}}],"line":121},"7":{"loc":{"start":{"line":136,"column":2},"end":{"line":147,"column":3}},"type":"if","locations":[{"start":{"line":136,"column":2},"end":{"line":147,"column":3}},{"start":{"line":145,"column":7},"end":{"line":147,"column":3}}],"line":136},"8":{"loc":{"start":{"line":138,"column":6},"end":{"line":142,"column":7}},"type":"if","locations":[{"start":{"line":138,"column":6},"end":{"line":142,"column":7}},{"start":{"line":140,"column":11},"end":{"line":142,"column":7}}],"line":138},"9":{"loc":{"start":{"line":159,"column":2},"end":{"line":161,"column":3}},"type":"if","locations":[{"start":{"line":159,"column":2},"end":{"line":161,"column":3}},{"start":{},"end":{}}],"line":159},"10":{"loc":{"start":{"line":171,"column":2},"end":{"line":173,"column":3}},"type":"if","locations":[{"start":{"line":171,"column":2},"end":{"line":173,"column":3}},{"start":{},"end":{}}],"line":171},"11":{"loc":{"start":{"line":177,"column":2},"end":{"line":179,"column":3}},"type":"if","locations":[{"start":{"line":177,"column":2},"end":{"line":179,"column":3}},{"start":{},"end":{}}],"line":177}},"s":{"0":2,"1":2,"2":2,"3":2,"4":2,"5":2,"6":2,"7":2,"8":2,"9":0,"10":0,"11":0,"12":0,"13":0,"14":2,"15":0,"16":0,"17":0,"18":0,"19":0,"20":0,"21":0,"22":0,"23":2,"24":0,"25":0,"26":0,"27":0,"28":0,"29":2,"30":0,"31":0,"32":0,"33":0,"34":0,"35":2,"36":0,"37":0,"38":0,"39":0,"40":0,"41":0,"42":2,"43":0,"44":0,"45":0,"46":0,"47":0,"48":0,"49":0,"50":0,"51":2,"52":0,"53":0,"54":0,"55":0,"56":0,"57":0,"58":0,"59":2,"60":0,"61":0,"62":0,"63":0,"64":0,"65":0,"66":0,"67":0,"68":0,"69":2,"70":0,"71":0,"72":0,"73":0,"74":0,"75":0,"76":0,"77":0,"78":0,"79":0,"80":0,"81":0,"82":0,"83":2,"84":0,"85":0,"86":0,"87":0,"88":0,"89":0,"90":0,"91":2,"92":0,"93":0,"94":0,"95":0,"96":0,"97":0,"98":0,"99":0,"100":0},"f":{"0":0,"1":0,"2":0,"3":0,"4":0,"5":0,"6":0,"7":0,"8":0,"9":0,"10":0},"b":{"0":[0,0],"1":[0,0],"2":[0,0],"3":[0,0],"4":[0,0],"5":[0,0],"6":[0,0],"7":[0,0],"8":[0,0],"9":[0,0],"10":[0,0],"11":[0,0]},"_coverageSchema":"1a1c01bbd47fc00a2c39e90264f33305004495a9","hash":"00433bcf2a656d2fb23dacd362be4a5f0bdcf481"}
,"C:\\Users\\carlo\\OneDrive\\Desktop\\UW\\course3\\class3\\inClass\\advanced-mongo\\dataInterface\\weather.js": {"path":"C:\\Users\\carlo\\OneDrive\\Desktop\\UW\\course3\\class3\\inClass\\advanced-mongo\\dataInterface\\weather.js","statementMap":{"0":{"start":{"line":1,"column":10},"end":{"line":1,"column":28}},"1":{"start":{"line":2,"column":24},"end":{"line":2,"column":42}},"2":{"start":{"line":3,"column":17},"end":{"line":3,"column":44}},"3":{"start":{"line":6,"column":2},"end":{"line":6,"column":89}},"4":{"start":{"line":8,"column":15},"end":{"line":8,"column":35}},"5":{"start":{"line":9,"column":21},"end":{"line":9,"column":41}},"6":{"start":{"line":10,"column":23},"end":{"line":10,"column":29}},"7":{"start":{"line":12,"column":0},"end":{"line":12,"column":19}},"8":{"start":{"line":14,"column":0},"end":{"line":21,"column":1}},"9":{"start":{"line":15,"column":19},"end":{"line":15,"column":42}},"10":{"start":{"line":16,"column":15},"end":{"line":16,"column":50}},"11":{"start":{"line":17,"column":16},"end":{"line":17,"column":18}},"12":{"start":{"line":18,"column":26},"end":{"line":18,"column":57}},"13":{"start":{"line":20,"column":2},"end":{"line":20,"column":37}},"14":{"start":{"line":24,"column":0},"end":{"line":43,"column":1}},"15":{"start":{"line":25,"column":19},"end":{"line":25,"column":42}},"16":{"start":{"line":26,"column":15},"end":{"line":26,"column":50}},"17":{"start":{"line":27,"column":2},"end":{"line":40,"column":3}},"18":{"start":{"line":28,"column":16},"end":{"line":28,"column":57}},"19":{"start":{"line":29,"column":17},"end":{"line":29,"column":43}},"20":{"start":{"line":30,"column":4},"end":{"line":30,"column":27}},"21":{"start":{"line":32,"column":4},"end":{"line":35,"column":5}},"22":{"start":{"line":33,"column":18},"end":{"line":33,"column":34}},"23":{"start":{"line":34,"column":6},"end":{"line":34,"column":40}},"24":{"start":{"line":36,"column":4},"end":{"line":36,"column":23}},"25":{"start":{"line":37,"column":16},"end":{"line":37,"column":37}},"26":{"start":{"line":38,"column":17},"end":{"line":38,"column":43}},"27":{"start":{"line":39,"column":4},"end":{"line":39,"column":27}},"28":{"start":{"line":46,"column":0},"end":{"line":81,"column":1}},"29":{"start":{"line":47,"column":19},"end":{"line":47,"column":42}},"30":{"start":{"line":48,"column":15},"end":{"line":48,"column":50}},"31":{"start":{"line":49,"column":2},"end":{"line":52,"column":3}},"32":{"start":{"line":50,"column":17},"end":{"line":50,"column":46}},"33":{"start":{"line":51,"column":4},"end":{"line":51,"column":17}},"34":{"start":{"line":53,"column":2},"end":{"line":57,"column":3}},"35":{"start":{"line":54,"column":16},"end":{"line":54,"column":74}},"36":{"start":{"line":55,"column":17},"end":{"line":55,"column":49}},"37":{"start":{"line":56,"column":4},"end":{"line":56,"column":27}},"38":{"start":{"line":58,"column":2},"end":{"line":62,"column":3}},"39":{"start":{"line":59,"column":16},"end":{"line":59,"column":74}},"40":{"start":{"line":60,"column":17},"end":{"line":60,"column":49}},"41":{"start":{"line":61,"column":4},"end":{"line":61,"column":27}},"42":{"start":{"line":63,"column":2},"end":{"line":67,"column":3}},"43":{"start":{"line":64,"column":16},"end":{"line":64,"column":106}},"44":{"start":{"line":65,"column":17},"end":{"line":65,"column":49}},"45":{"start":{"line":66,"column":4},"end":{"line":66,"column":27}},"46":{"start":{"line":68,"column":2},"end":{"line":72,"column":3}},"47":{"start":{"line":69,"column":16},"end":{"line":69,"column":60}},"48":{"start":{"line":70,"column":17},"end":{"line":70,"column":49}},"49":{"start":{"line":71,"column":4},"end":{"line":71,"column":27}},"50":{"start":{"line":73,"column":2},"end":{"line":75,"column":3}},"51":{"start":{"line":74,"column":4},"end":{"line":74,"column":46}},"52":{"start":{"line":76,"column":2},"end":{"line":80,"column":3}},"53":{"start":{"line":77,"column":16},"end":{"line":77,"column":116}},"54":{"start":{"line":78,"column":17},"end":{"line":78,"column":49}},"55":{"start":{"line":79,"column":4},"end":{"line":79,"column":27}},"56":{"start":{"line":83,"column":0},"end":{"line":98,"column":1}},"57":{"start":{"line":84,"column":19},"end":{"line":84,"column":42}},"58":{"start":{"line":85,"column":15},"end":{"line":85,"column":50}},"59":{"start":{"line":86,"column":2},"end":{"line":88,"column":3}},"60":{"start":{"line":87,"column":4},"end":{"line":87,"column":38}},"61":{"start":{"line":90,"column":17},"end":{"line":90,"column":45}},"62":{"start":{"line":91,"column":2},"end":{"line":95,"column":3}},"63":{"start":{"line":92,"column":4},"end":{"line":92,"column":96}},"64":{"start":{"line":94,"column":4},"end":{"line":94,"column":38}}},"fnMap":{"0":{"name":"(anonymous_0)","decl":{"start":{"line":14,"column":24},"end":{"line":14,"column":25}},"loc":{"start":{"line":14,"column":34},"end":{"line":21,"column":1}},"line":14},"1":{"name":"(anonymous_1)","decl":{"start":{"line":24,"column":30},"end":{"line":24,"column":31}},"loc":{"start":{"line":24,"column":46},"end":{"line":43,"column":1}},"line":24},"2":{"name":"(anonymous_2)","decl":{"start":{"line":46,"column":26},"end":{"line":46,"column":27}},"loc":{"start":{"line":46,"column":42},"end":{"line":81,"column":1}},"line":46},"3":{"name":"(anonymous_3)","decl":{"start":{"line":83,"column":24},"end":{"line":83,"column":25}},"loc":{"start":{"line":83,"column":41},"end":{"line":98,"column":1}},"line":83}},"branchMap":{"0":{"loc":{"start":{"line":27,"column":2},"end":{"line":40,"column":3}},"type":"if","locations":[{"start":{"line":27,"column":2},"end":{"line":40,"column":3}},{"start":{"line":31,"column":7},"end":{"line":40,"column":3}}],"line":27},"1":{"loc":{"start":{"line":32,"column":4},"end":{"line":35,"column":5}},"type":"if","locations":[{"start":{"line":32,"column":4},"end":{"line":35,"column":5}},{"start":{},"end":{}}],"line":32},"2":{"loc":{"start":{"line":49,"column":2},"end":{"line":52,"column":3}},"type":"if","locations":[{"start":{"line":49,"column":2},"end":{"line":52,"column":3}},{"start":{},"end":{}}],"line":49},"3":{"loc":{"start":{"line":53,"column":2},"end":{"line":57,"column":3}},"type":"if","locations":[{"start":{"line":53,"column":2},"end":{"line":57,"column":3}},{"start":{},"end":{}}],"line":53},"4":{"loc":{"start":{"line":53,"column":5},"end":{"line":53,"column":44}},"type":"binary-expr","locations":[{"start":{"line":53,"column":5},"end":{"line":53,"column":22}},{"start":{"line":53,"column":26},"end":{"line":53,"column":44}}],"line":53},"5":{"loc":{"start":{"line":58,"column":2},"end":{"line":62,"column":3}},"type":"if","locations":[{"start":{"line":58,"column":2},"end":{"line":62,"column":3}},{"start":{},"end":{}}],"line":58},"6":{"loc":{"start":{"line":58,"column":5},"end":{"line":58,"column":44}},"type":"binary-expr","locations":[{"start":{"line":58,"column":5},"end":{"line":58,"column":22}},{"start":{"line":58,"column":26},"end":{"line":58,"column":44}}],"line":58},"7":{"loc":{"start":{"line":63,"column":2},"end":{"line":67,"column":3}},"type":"if","locations":[{"start":{"line":63,"column":2},"end":{"line":67,"column":3}},{"start":{},"end":{}}],"line":63},"8":{"loc":{"start":{"line":63,"column":5},"end":{"line":63,"column":43}},"type":"binary-expr","locations":[{"start":{"line":63,"column":5},"end":{"line":63,"column":22}},{"start":{"line":63,"column":26},"end":{"line":63,"column":43}}],"line":63},"9":{"loc":{"start":{"line":68,"column":2},"end":{"line":72,"column":3}},"type":"if","locations":[{"start":{"line":68,"column":2},"end":{"line":72,"column":3}},{"start":{},"end":{}}],"line":68},"10":{"loc":{"start":{"line":73,"column":2},"end":{"line":75,"column":3}},"type":"if","locations":[{"start":{"line":73,"column":2},"end":{"line":75,"column":3}},{"start":{},"end":{}}],"line":73},"11":{"loc":{"start":{"line":73,"column":5},"end":{"line":73,"column":45}},"type":"binary-expr","locations":[{"start":{"line":73,"column":5},"end":{"line":73,"column":23}},{"start":{"line":73,"column":27},"end":{"line":73,"column":45}}],"line":73},"12":{"loc":{"start":{"line":76,"column":2},"end":{"line":80,"column":3}},"type":"if","locations":[{"start":{"line":76,"column":2},"end":{"line":80,"column":3}},{"start":{},"end":{}}],"line":76},"13":{"loc":{"start":{"line":76,"column":5},"end":{"line":76,"column":44}},"type":"binary-expr","locations":[{"start":{"line":76,"column":5},"end":{"line":76,"column":23}},{"start":{"line":76,"column":27},"end":{"line":76,"column":44}}],"line":76},"14":{"loc":{"start":{"line":86,"column":2},"end":{"line":88,"column":3}},"type":"if","locations":[{"start":{"line":86,"column":2},"end":{"line":88,"column":3}},{"start":{},"end":{}}],"line":86},"15":{"loc":{"start":{"line":91,"column":2},"end":{"line":95,"column":3}},"type":"if","locations":[{"start":{"line":91,"column":2},"end":{"line":95,"column":3}},{"start":{"line":93,"column":9},"end":{"line":95,"column":3}}],"line":91}},"s":{"0":2,"1":2,"2":2,"3":2,"4":2,"5":2,"6":2,"7":2,"8":2,"9":0,"10":0,"11":0,"12":0,"13":0,"14":2,"15":0,"16":0,"17":0,"18":0,"19":0,"20":0,"21":0,"22":0,"23":0,"24":0,"25":0,"26":0,"27":0,"28":2,"29":0,"30":0,"31":0,"32":0,"33":0,"34":0,"35":0,"36":0,"37":0,"38":0,"39":0,"40":0,"41":0,"42":0,"43":0,"44":0,"45":0,"46":0,"47":0,"48":0,"49":0,"50":0,"51":0,"52":0,"53":0,"54":0,"55":0,"56":2,"57":0,"58":0,"59":0,"60":0,"61":0,"62":0,"63":0,"64":0},"f":{"0":0,"1":0,"2":0,"3":0},"b":{"0":[0,0],"1":[0,0],"2":[0,0],"3":[0,0],"4":[0,0],"5":[0,0],"6":[0,0],"7":[0,0],"8":[0,0],"9":[0,0],"10":[0,0],"11":[0,0],"12":[0,0],"13":[0,0],"14":[0,0],"15":[0,0]},"_coverageSchema":"1a1c01bbd47fc00a2c39e90264f33305004495a9","hash":"6ca90b132fefb0b6d789024e0a11852912f8b6aa"}
,"C:\\Users\\carlo\\OneDrive\\Desktop\\UW\\course3\\class3\\inClass\\advanced-mongo\\routes\\index.js": {"path":"C:\\Users\\carlo\\OneDrive\\Desktop\\UW\\course3\\class3\\inClass\\advanced-mongo\\routes\\index.js","statementMap":{"0":{"start":{"line":1,"column":19},"end":{"line":1,"column":37}},"1":{"start":{"line":2,"column":15},"end":{"line":2,"column":23}},"2":{"start":{"line":4,"column":0},"end":{"line":4,"column":43}},"3":{"start":{"line":5,"column":0},"end":{"line":5,"column":45}},"4":{"start":{"line":6,"column":0},"end":{"line":6,"column":71}},"5":{"start":{"line":6,"column":30},"end":{"line":6,"column":70}},"6":{"start":{"line":7,"column":0},"end":{"line":7,"column":24}}},"fnMap":{"0":{"name":"(anonymous_0)","decl":{"start":{"line":6,"column":16},"end":{"line":6,"column":17}},"loc":{"start":{"line":6,"column":30},"end":{"line":6,"column":70}},"line":6}},"branchMap":{},"s":{"0":2,"1":2,"2":2,"3":2,"4":2,"5":0,"6":2},"f":{"0":0},"b":{},"_coverageSchema":"1a1c01bbd47fc00a2c39e90264f33305004495a9","hash":"b1ffd33f2680955bd3111d2aef1cf2aaca787b5e"}
,"C:\\Users\\carlo\\OneDrive\\Desktop\\UW\\course3\\class3\\inClass\\advanced-mongo\\routes\\movies.js": {"path":"C:\\Users\\carlo\\OneDrive\\Desktop\\UW\\course3\\class3\\inClass\\advanced-mongo\\routes\\movies.js","statementMap":{"0":{"start":{"line":1,"column":19},"end":{"line":1,"column":37}},"1":{"start":{"line":2,"column":15},"end":{"line":2,"column":23}},"2":{"start":{"line":4,"column":18},"end":{"line":4,"column":52}},"3":{"start":{"line":7,"column":0},"end":{"line":16,"column":3}},"4":{"start":{"line":8,"column":18},"end":{"line":8,"column":42}},"5":{"start":{"line":10,"column":2},"end":{"line":15,"column":3}},"6":{"start":{"line":11,"column":4},"end":{"line":11,"column":35}},"7":{"start":{"line":14,"column":4},"end":{"line":14,"column":76}},"8":{"start":{"line":21,"column":0},"end":{"line":31,"column":3}},"9":{"start":{"line":22,"column":17},"end":{"line":22,"column":62}},"10":{"start":{"line":23,"column":2},"end":{"line":27,"column":3}},"11":{"start":{"line":24,"column":4},"end":{"line":24,"column":23}},"12":{"start":{"line":26,"column":4},"end":{"line":26,"column":23}},"13":{"start":{"line":29,"column":2},"end":{"line":29,"column":40}},"14":{"start":{"line":34,"column":0},"end":{"line":43,"column":2}},"15":{"start":{"line":36,"column":17},"end":{"line":36,"column":62}},"16":{"start":{"line":37,"column":2},"end":{"line":41,"column":3}},"17":{"start":{"line":38,"column":4},"end":{"line":38,"column":20}},"18":{"start":{"line":40,"column":4},"end":{"line":40,"column":20}},"19":{"start":{"line":42,"column":2},"end":{"line":42,"column":38}},"20":{"start":{"line":46,"column":0},"end":{"line":56,"column":2}},"21":{"start":{"line":48,"column":17},"end":{"line":48,"column":71}},"22":{"start":{"line":49,"column":2},"end":{"line":53,"column":3}},"23":{"start":{"line":50,"column":4},"end":{"line":50,"column":23}},"24":{"start":{"line":52,"column":4},"end":{"line":52,"column":23}},"25":{"start":{"line":55,"column":2},"end":{"line":55,"column":40}},"26":{"start":{"line":59,"column":0},"end":{"line":70,"column":3}},"27":{"start":{"line":61,"column":15},"end":{"line":61,"column":47}},"28":{"start":{"line":63,"column":2},"end":{"line":67,"column":3}},"29":{"start":{"line":64,"column":4},"end":{"line":64,"column":23}},"30":{"start":{"line":66,"column":4},"end":{"line":66,"column":23}},"31":{"start":{"line":69,"column":2},"end":{"line":69,"column":40}},"32":{"start":{"line":73,"column":0},"end":{"line":84,"column":3}},"33":{"start":{"line":75,"column":17},"end":{"line":75,"column":68}},"34":{"start":{"line":77,"column":2},"end":{"line":81,"column":3}},"35":{"start":{"line":78,"column":4},"end":{"line":78,"column":23}},"36":{"start":{"line":80,"column":4},"end":{"line":80,"column":23}},"37":{"start":{"line":83,"column":2},"end":{"line":83,"column":40}},"38":{"start":{"line":85,"column":0},"end":{"line":94,"column":2}},"39":{"start":{"line":87,"column":17},"end":{"line":87,"column":102}},"40":{"start":{"line":88,"column":2},"end":{"line":92,"column":3}},"41":{"start":{"line":89,"column":4},"end":{"line":89,"column":20}},"42":{"start":{"line":91,"column":4},"end":{"line":91,"column":20}},"43":{"start":{"line":93,"column":2},"end":{"line":93,"column":37}},"44":{"start":{"line":96,"column":0},"end":{"line":106,"column":3}},"45":{"start":{"line":97,"column":17},"end":{"line":97,"column":58}},"46":{"start":{"line":99,"column":2},"end":{"line":103,"column":3}},"47":{"start":{"line":100,"column":4},"end":{"line":100,"column":23}},"48":{"start":{"line":102,"column":4},"end":{"line":102,"column":23}},"49":{"start":{"line":105,"column":2},"end":{"line":105,"column":40}},"50":{"start":{"line":110,"column":0},"end":{"line":113,"column":2}},"51":{"start":{"line":111,"column":17},"end":{"line":111,"column":72}},"52":{"start":{"line":112,"column":2},"end":{"line":112,"column":31}},"53":{"start":{"line":115,"column":0},"end":{"line":115,"column":24}}},"fnMap":{"0":{"name":"(anonymous_0)","decl":{"start":{"line":7,"column":16},"end":{"line":7,"column":17}},"loc":{"start":{"line":7,"column":42},"end":{"line":16,"column":1}},"line":7},"1":{"name":"(anonymous_1)","decl":{"start":{"line":21,"column":19},"end":{"line":21,"column":20}},"loc":{"start":{"line":21,"column":45},"end":{"line":31,"column":1}},"line":21},"2":{"name":"(anonymous_2)","decl":{"start":{"line":34,"column":28},"end":{"line":34,"column":29}},"loc":{"start":{"line":34,"column":47},"end":{"line":43,"column":1}},"line":34},"3":{"name":"(anonymous_3)","decl":{"start":{"line":46,"column":29},"end":{"line":46,"column":30}},"loc":{"start":{"line":46,"column":48},"end":{"line":56,"column":1}},"line":46},"4":{"name":"(anonymous_4)","decl":{"start":{"line":59,"column":17},"end":{"line":59,"column":18}},"loc":{"start":{"line":59,"column":43},"end":{"line":70,"column":1}},"line":59},"5":{"name":"(anonymous_5)","decl":{"start":{"line":73,"column":19},"end":{"line":73,"column":20}},"loc":{"start":{"line":73,"column":45},"end":{"line":84,"column":1}},"line":73},"6":{"name":"(anonymous_6)","decl":{"start":{"line":85,"column":43},"end":{"line":85,"column":44}},"loc":{"start":{"line":85,"column":62},"end":{"line":94,"column":1}},"line":85},"7":{"name":"(anonymous_7)","decl":{"start":{"line":96,"column":22},"end":{"line":96,"column":23}},"loc":{"start":{"line":96,"column":48},"end":{"line":106,"column":1}},"line":96},"8":{"name":"(anonymous_8)","decl":{"start":{"line":110,"column":47},"end":{"line":110,"column":48}},"loc":{"start":{"line":110,"column":64},"end":{"line":113,"column":1}},"line":110}},"branchMap":{"0":{"loc":{"start":{"line":10,"column":2},"end":{"line":15,"column":3}},"type":"if","locations":[{"start":{"line":10,"column":2},"end":{"line":15,"column":3}},{"start":{"line":12,"column":9},"end":{"line":15,"column":3}}],"line":10},"1":{"loc":{"start":{"line":23,"column":2},"end":{"line":27,"column":3}},"type":"if","locations":[{"start":{"line":23,"column":2},"end":{"line":27,"column":3}},{"start":{"line":25,"column":9},"end":{"line":27,"column":3}}],"line":23},"2":{"loc":{"start":{"line":37,"column":2},"end":{"line":41,"column":3}},"type":"if","locations":[{"start":{"line":37,"column":2},"end":{"line":41,"column":3}},{"start":{"line":39,"column":7},"end":{"line":41,"column":3}}],"line":37},"3":{"loc":{"start":{"line":49,"column":2},"end":{"line":53,"column":3}},"type":"if","locations":[{"start":{"line":49,"column":2},"end":{"line":53,"column":3}},{"start":{"line":51,"column":9},"end":{"line":53,"column":3}}],"line":49},"4":{"loc":{"start":{"line":63,"column":2},"end":{"line":67,"column":3}},"type":"if","locations":[{"start":{"line":63,"column":2},"end":{"line":67,"column":3}},{"start":{"line":65,"column":9},"end":{"line":67,"column":3}}],"line":63},"5":{"loc":{"start":{"line":77,"column":2},"end":{"line":81,"column":3}},"type":"if","locations":[{"start":{"line":77,"column":2},"end":{"line":81,"column":3}},{"start":{"line":79,"column":9},"end":{"line":81,"column":3}}],"line":77},"6":{"loc":{"start":{"line":88,"column":2},"end":{"line":92,"column":3}},"type":"if","locations":[{"start":{"line":88,"column":2},"end":{"line":92,"column":3}},{"start":{"line":90,"column":7},"end":{"line":92,"column":3}}],"line":88},"7":{"loc":{"start":{"line":99,"column":2},"end":{"line":103,"column":3}},"type":"if","locations":[{"start":{"line":99,"column":2},"end":{"line":103,"column":3}},{"start":{"line":101,"column":9},"end":{"line":103,"column":3}}],"line":99}},"s":{"0":2,"1":2,"2":2,"3":2,"4":2,"5":2,"6":1,"7":1,"8":2,"9":3,"10":3,"11":1,"12":2,"13":3,"14":2,"15":2,"16":2,"17":1,"18":1,"19":2,"20":2,"21":2,"22":2,"23":1,"24":1,"25":2,"26":2,"27":2,"28":2,"29":1,"30":1,"31":2,"32":2,"33":2,"34":2,"35":1,"36":1,"37":2,"38":2,"39":0,"40":0,"41":0,"42":0,"43":0,"44":2,"45":2,"46":2,"47":1,"48":1,"49":2,"50":2,"51":0,"52":0,"53":2},"f":{"0":2,"1":3,"2":2,"3":2,"4":2,"5":2,"6":0,"7":2,"8":0},"b":{"0":[1,1],"1":[1,2],"2":[1,1],"3":[1,1],"4":[1,1],"5":[1,1],"6":[0,0],"7":[1,1]},"_coverageSchema":"1a1c01bbd47fc00a2c39e90264f33305004495a9","hash":"4d66f385db9a665e451b244a25fc63811792eb9b"}
,"C:\\Users\\carlo\\OneDrive\\Desktop\\UW\\course3\\class3\\inClass\\advanced-mongo\\routes\\weather.js": {"path":"C:\\Users\\carlo\\OneDrive\\Desktop\\UW\\course3\\class3\\inClass\\advanced-mongo\\routes\\weather.js","statementMap":{"0":{"start":{"line":1,"column":19},"end":{"line":1,"column":37}},"1":{"start":{"line":2,"column":15},"end":{"line":2,"column":23}},"2":{"start":{"line":3,"column":20},"end":{"line":3,"column":55}},"3":{"start":{"line":8,"column":0},"end":{"line":21,"column":2}},"4":{"start":{"line":10,"column":15},"end":{"line":10,"column":52}},"5":{"start":{"line":12,"column":2},"end":{"line":17,"column":3}},"6":{"start":{"line":13,"column":4},"end":{"line":13,"column":16}},"7":{"start":{"line":15,"column":4},"end":{"line":15,"column":16}},"8":{"start":{"line":16,"column":4},"end":{"line":16,"column":60}},"9":{"start":{"line":20,"column":2},"end":{"line":20,"column":33}},"10":{"start":{"line":26,"column":0},"end":{"line":37,"column":2}},"11":{"start":{"line":28,"column":15},"end":{"line":28,"column":69}},"12":{"start":{"line":29,"column":2},"end":{"line":34,"column":3}},"13":{"start":{"line":30,"column":4},"end":{"line":30,"column":16}},"14":{"start":{"line":32,"column":4},"end":{"line":32,"column":16}},"15":{"start":{"line":33,"column":4},"end":{"line":33,"column":60}},"16":{"start":{"line":35,"column":2},"end":{"line":35,"column":33}},"17":{"start":{"line":36,"column":2},"end":{"line":36,"column":10}},"18":{"start":{"line":40,"column":0},"end":{"line":57,"column":2}},"19":{"start":{"line":42,"column":15},"end":{"line":42,"column":49}},"20":{"start":{"line":51,"column":2},"end":{"line":55,"column":3}},"21":{"start":{"line":52,"column":4},"end":{"line":52,"column":16}},"22":{"start":{"line":54,"column":4},"end":{"line":54,"column":16}},"23":{"start":{"line":56,"column":2},"end":{"line":56,"column":61}},"24":{"start":{"line":58,"column":0},"end":{"line":58,"column":24}}},"fnMap":{"0":{"name":"(anonymous_0)","decl":{"start":{"line":8,"column":16},"end":{"line":8,"column":17}},"loc":{"start":{"line":8,"column":34},"end":{"line":21,"column":1}},"line":8},"1":{"name":"(anonymous_1)","decl":{"start":{"line":26,"column":28},"end":{"line":26,"column":29}},"loc":{"start":{"line":26,"column":45},"end":{"line":37,"column":1}},"line":26},"2":{"name":"(anonymous_2)","decl":{"start":{"line":40,"column":17},"end":{"line":40,"column":18}},"loc":{"start":{"line":40,"column":34},"end":{"line":57,"column":1}},"line":40}},"branchMap":{"0":{"loc":{"start":{"line":12,"column":2},"end":{"line":17,"column":3}},"type":"if","locations":[{"start":{"line":12,"column":2},"end":{"line":17,"column":3}},{"start":{"line":14,"column":7},"end":{"line":17,"column":3}}],"line":12},"1":{"loc":{"start":{"line":12,"column":5},"end":{"line":12,"column":65}},"type":"binary-expr","locations":[{"start":{"line":12,"column":5},"end":{"line":12,"column":20}},{"start":{"line":12,"column":24},"end":{"line":12,"column":44}},{"start":{"line":12,"column":48},"end":{"line":12,"column":65}}],"line":12},"2":{"loc":{"start":{"line":29,"column":2},"end":{"line":34,"column":3}},"type":"if","locations":[{"start":{"line":29,"column":2},"end":{"line":34,"column":3}},{"start":{"line":31,"column":7},"end":{"line":34,"column":3}}],"line":29},"3":{"loc":{"start":{"line":29,"column":5},"end":{"line":29,"column":65}},"type":"binary-expr","locations":[{"start":{"line":29,"column":5},"end":{"line":29,"column":20}},{"start":{"line":29,"column":24},"end":{"line":29,"column":44}},{"start":{"line":29,"column":48},"end":{"line":29,"column":65}}],"line":29},"4":{"loc":{"start":{"line":51,"column":2},"end":{"line":55,"column":3}},"type":"if","locations":[{"start":{"line":51,"column":2},"end":{"line":55,"column":3}},{"start":{"line":53,"column":7},"end":{"line":55,"column":3}}],"line":51}},"s":{"0":2,"1":2,"2":2,"3":2,"4":4,"5":4,"6":1,"7":3,"8":3,"9":4,"10":2,"11":5,"12":5,"13":2,"14":3,"15":3,"16":5,"17":5,"18":2,"19":2,"20":2,"21":1,"22":1,"23":2,"24":2},"f":{"0":4,"1":5,"2":2},"b":{"0":[1,3],"1":[4,3,2],"2":[2,3],"3":[5,4,3],"4":[1,1]},"_coverageSchema":"1a1c01bbd47fc00a2c39e90264f33305004495a9","hash":"c4e07c6b58b13b6fd609bc5d6e8b5eb0bd40fd36"}
}
